<?xml version="1.0" encoding="UTF-8"?>
<testsuite xmlns:xsi="http://www.w3.org/2001/XMLSchema-instance" xsi:noNamespaceSchemaLocation="https://maven.apache.org/surefire/maven-surefire-plugin/xsd/surefire-test-report-3.0.xsd" version="3.0" name="stepDefinitions.TestRunner" time="66.565" tests="2" errors="1" skipped="0" failures="0">
  <properties>
[...]
</properties>
  <testcase name="Validate login functionality" classname="Login to Fleet site" time="44.18">
    <error message="no such element: Unable to locate element: {&quot;method&quot;:&quot;xpath&quot;,&quot;selector&quot;:&quot;//span[contains(text(),&apos;Welcome&apos;)]&quot;}&#10;  (Session info: chrome=100.0.4896.127)&#10;For documentation on this error, please visit: https://selenium.dev/exceptions/#no_such_element&#10;Build info: version: &apos;4.0.0-alpha-5&apos;, revision: &apos;b3a0d621cc&apos;&#10;System info: host: &apos;WKWIN4864179&apos;, ip: &apos;192.168.1.6&apos;, os.name: &apos;Windows 10&apos;, os.arch: &apos;amd64&apos;, os.version: &apos;10.0&apos;, java.version: &apos;1.8.0_291&apos;&#10;Driver info: org.openqa.selenium.chrome.ChromeDriver&#10;Capabilities {acceptInsecureCerts: false, browserName: chrome, browserVersion: 100.0.4896.127, chrome: {chromedriverVersion: 100.0.4896.60 (6a5d10861ce8..., userDataDir: C:\Users\BHARAS~1\AppData\L...}, goog:chromeOptions: {debuggerAddress: localhost:49600}, javascriptEnabled: true, networkConnectionEnabled: false, pageLoadStrategy: normal, platform: WINDOWS, platformName: WINDOWS, proxy: Proxy(), setWindowRect: true, strictFileInteractability: false, timeouts: {implicit: 0, pageLoad: 300000, script: 30000}, unhandledPromptBehavior: dismiss and notify, webauthn:extension:credBlob: true, webauthn:extension:largeBlob: true, webauthn:virtualAuthenticators: true}&#10;Session ID: 75e9f427bd36a5e793aa2fb734ef1b5c&#10;*** Element info: {Using=xpath, value=//span[contains(text(),&apos;Welcome&apos;)]}" type="org.openqa.selenium.NoSuchElementException"><![CDATA[org.openqa.selenium.NoSuchElementException: 
no such element: Unable to locate element: {"method":"xpath","selector":"//span[contains(text(),'Welcome')]"}
  (Session info: chrome=100.0.4896.127)
For documentation on this error, please visit: https://selenium.dev/exceptions/#no_such_element
Build info: version: '4.0.0-alpha-5', revision: 'b3a0d621cc'
System info: host: 'WKWIN4864179', ip: '192.168.1.6', os.name: 'Windows 10', os.arch: 'amd64', os.version: '10.0', java.version: '1.8.0_291'
Driver info: org.openqa.selenium.chrome.ChromeDriver
Capabilities {acceptInsecureCerts: false, browserName: chrome, browserVersion: 100.0.4896.127, chrome: {chromedriverVersion: 100.0.4896.60 (6a5d10861ce8..., userDataDir: C:\Users\BHARAS~1\AppData\L...}, goog:chromeOptions: {debuggerAddress: localhost:49600}, javascriptEnabled: true, networkConnectionEnabled: false, pageLoadStrategy: normal, platform: WINDOWS, platformName: WINDOWS, proxy: Proxy(), setWindowRect: true, strictFileInteractability: false, timeouts: {implicit: 0, pageLoad: 300000, script: 30000}, unhandledPromptBehavior: dismiss and notify, webauthn:extension:credBlob: true, webauthn:extension:largeBlob: true, webauthn:virtualAuthenticators: true}
Session ID: 75e9f427bd36a5e793aa2fb734ef1b5c
*** Element info: {Using=xpath, value=//span[contains(text(),'Welcome')]}
]]></error>
    <system-out><![CDATA[
Scenario Outline: Validate login functionality                                     # src/test/resources/features/Login.feature:16
inside step-user is on landing page
Project path is: C:\Users\bharasto1\eclipse-workspace\CucumberJava
inside step- browser is open
  Given user is on landing page                                                    # stepDefinitions.stepDefinition.user_is_on_landing_page()
inside step- user enters fleet site url and hit enter
  And user enters fleet site url and hit enter                                     # stepDefinitions.stepDefinition.user_enters_fleet_site_url_and_hit_enter()
inside step-user is accepting cookies 
  And user accepts cookies                                                         # stepDefinitions.stepDefinition.user_accepts_cookies()
inside step-user clicks on register link 
  And user clicks on register link                                                 # stepDefinitions.stepDefinition.register_link_is_present()
inside step-user login into application with username and password
User is entering username and password
user entered username from LoginPage_PF class
user entered password from LoginPage_PF class
user clicked on Login button from LoginPage_PF class
  When user login into application with shashi.achar@sapientrazorfish.com and 1234 # stepDefinitions.stepDefinition.user_login_into_application_with_username_and_password(java.lang.String,java.lang.String)
inside step-user navigates to Home page
  Then user navigates to Home page                                                 # stepDefinitions.stepDefinition.user_navigates_to_home_page()
inside step-user name is displayed with Welcome
  And user name is displayed                                                       # stepDefinitions.stepDefinition.user_name_is_displayed()
      org.openqa.selenium.NoSuchElementException: no such element: Unable to locate element: {"method":"xpath","selector":"//span[contains(text(),'Welcome')]"}
  (Session info: chrome=100.0.4896.127)
For documentation on this error, please visit: https://selenium.dev/exceptions/#no_such_element
Build info: version: '4.0.0-alpha-5', revision: 'b3a0d621cc'
System info: host: 'WKWIN4864179', ip: '192.168.1.6', os.name: 'Windows 10', os.arch: 'amd64', os.version: '10.0', java.version: '1.8.0_291'
Driver info: org.openqa.selenium.chrome.ChromeDriver
Capabilities {acceptInsecureCerts: false, browserName: chrome, browserVersion: 100.0.4896.127, chrome: {chromedriverVersion: 100.0.4896.60 (6a5d10861ce8..., userDataDir: C:\Users\BHARAS~1\AppData\L...}, goog:chromeOptions: {debuggerAddress: localhost:49600}, javascriptEnabled: true, networkConnectionEnabled: false, pageLoadStrategy: normal, platform: WINDOWS, platformName: WINDOWS, proxy: Proxy(), setWindowRect: true, strictFileInteractability: false, timeouts: {implicit: 0, pageLoad: 300000, script: 30000}, unhandledPromptBehavior: dismiss and notify, webauthn:extension:credBlob: true, webauthn:extension:largeBlob: true, webauthn:virtualAuthenticators: true}
Session ID: 75e9f427bd36a5e793aa2fb734ef1b5c
*** Element info: {Using=xpath, value=//span[contains(text(),'Welcome')]}
	at sun.reflect.NativeConstructorAccessorImpl.newInstance0(Native Method)
	at sun.reflect.NativeConstructorAccessorImpl.newInstance(NativeConstructorAccessorImpl.java:62)
	at sun.reflect.DelegatingConstructorAccessorImpl.newInstance(DelegatingConstructorAccessorImpl.java:45)
	at java.lang.reflect.Constructor.newInstance(Constructor.java:423)
	at org.openqa.selenium.remote.codec.w3c.W3CHttpResponseCodec.createException(W3CHttpResponseCodec.java:196)
	at org.openqa.selenium.remote.codec.w3c.W3CHttpResponseCodec.decode(W3CHttpResponseCodec.java:129)
	at org.openqa.selenium.remote.codec.w3c.W3CHttpResponseCodec.decode(W3CHttpResponseCodec.java:53)
	at org.openqa.selenium.remote.HttpCommandExecutor.execute(HttpCommandExecutor.java:161)
	at org.openqa.selenium.remote.service.DriverCommandExecutor.execute(DriverCommandExecutor.java:83)
	at org.openqa.selenium.remote.RemoteWebDriver.execute(RemoteWebDriver.java:582)
	at org.openqa.selenium.remote.RemoteWebDriver.findElement(RemoteWebDriver.java:333)
	at org.openqa.selenium.remote.RemoteWebDriver.findElementByXPath(RemoteWebDriver.java:451)
	at org.openqa.selenium.By$ByXPath.findElement(By.java:394)
	at org.openqa.selenium.remote.RemoteWebDriver.findElement(RemoteWebDriver.java:325)
	at stepDefinitions.stepDefinition.user_name_is_displayed(stepDefinition.java:76)
	at ?.user name is displayed(file:///C:/Users/bharasto1/eclipse-workspace/CucumberJava/src/test/resources/features/Login.feature:12)

]]></system-out>
    <system-err><![CDATA[SLF4J: Failed to load class "org.slf4j.impl.StaticLoggerBinder".
SLF4J: Defaulting to no-operation (NOP) logger implementation
SLF4J: See http://www.slf4j.org/codes.html#StaticLoggerBinder for further details.
Starting ChromeDriver 100.0.4896.60 (6a5d10861ce8de5fce22564658033b43cb7de047-refs/branch-heads/4896@{#875}) on port 34857
Only local connections are allowed.
Please see https://chromedriver.chromium.org/security-considerations for suggestions on keeping ChromeDriver safe.
ChromeDriver was started successfully.
May 03, 2022 8:57:08 PM org.openqa.selenium.remote.ProtocolHandshake createSession
INFO: Detected dialect: W3C
]]></system-err>
  </testcase>
  <testcase name="Validate login functionality" classname="Login to Fleet site" time="21.749">
    <system-out><![CDATA[
Scenario Outline: Validate login functionality                                  # src/test/resources/features/Login.feature:17
inside step-user is on landing page
Project path is: C:\Users\bharasto1\eclipse-workspace\CucumberJava
inside step- browser is open
  Given user is on landing page                                                 # stepDefinitions.stepDefinition.user_is_on_landing_page()
inside step- user enters fleet site url and hit enter
  And user enters fleet site url and hit enter                                  # stepDefinitions.stepDefinition.user_enters_fleet_site_url_and_hit_enter()
inside step-user is accepting cookies 
  And user accepts cookies                                                      # stepDefinitions.stepDefinition.user_accepts_cookies()
inside step-user clicks on register link 
  And user clicks on register link                                              # stepDefinitions.stepDefinition.register_link_is_present()
inside step-user login into application with username and password
User is entering username and password
user entered username from LoginPage_PF class
user entered password from LoginPage_PF class
user clicked on Login button from LoginPage_PF class
  When user login into application with fleetprod1@mailinator.com and password1 # stepDefinitions.stepDefinition.user_login_into_application_with_username_and_password(java.lang.String,java.lang.String)
inside step-user navigates to Home page
  Then user navigates to Home page                                              # stepDefinitions.stepDefinition.user_navigates_to_home_page()
inside step-user name is displayed with Welcome
  And user name is displayed                                                    # stepDefinitions.stepDefinition.user_name_is_displayed()
]]></system-out>
    <system-err><![CDATA[Starting ChromeDriver 100.0.4896.60 (6a5d10861ce8de5fce22564658033b43cb7de047-refs/branch-heads/4896@{#875}) on port 31068
Only local connections are allowed.
Please see https://chromedriver.chromium.org/security-considerations for suggestions on keeping ChromeDriver safe.
ChromeDriver was started successfully.
May 03, 2022 8:57:48 PM org.openqa.selenium.remote.ProtocolHandshake createSession
INFO: Detected dialect: W3C
]]></system-err>
  </testcase>
</testsuite>